2016-05-16 00:20:12,097 INFO Launcher Lanzando crawler
2016-05-16 00:20:12,124 INFO Launcher Configurando....
2016-05-16 00:20:13,365 INFO Launcher Lanzando........
2016-05-16 00:20:13,367 INFO Crawler ***************************************************************************
2016-05-16 00:20:13,367 INFO Crawler Lanzada ejecucion Crawler-Twitter
2016-05-16 00:20:13,369 DEBUG Crawler Preguntando a la API:https://api.twitter.com/1.1/search/tweets.json?q=%23diabetes&count=100&since_id=731972426083310768
2016-05-16 00:20:13,840 INFO Poll Aniadiendo 1 tweets...
2016-05-16 00:20:16,842 DEBUG Crawler Preguntando a la API:https://api.twitter.com/1.1/search/tweets.json?q=%23disease&count=100&max_id=731972441757491201&since_id=731972426083310768
2016-05-16 00:20:17,322 INFO Poll Aniadiendo 1 tweets...
2016-05-16 00:20:17,323 DEBUG Poll Vecino encontrado! swag
2016-05-16 00:20:20,324 DEBUG Crawler Preguntando a la API:https://api.twitter.com/1.1/search/tweets.json?q=%23swag&count=100&max_id=731972441757491201&since_id=731972426083310768
2016-05-16 00:20:20,803 INFO Poll Aniadiendo 1 tweets...
2016-05-16 00:20:23,804 INFO Launcher Proceso finalizado sin errores.....
2016-05-16 00:20:52,773 INFO Launcher Lanzando crawler
2016-05-16 00:20:52,776 INFO Launcher Configurando....
2016-05-16 00:20:54,021 INFO Launcher Lanzando........
2016-05-16 00:20:54,023 INFO Crawler ***************************************************************************
2016-05-16 00:20:54,023 INFO Crawler Lanzada ejecucion Crawler-Twitter
2016-05-16 00:20:54,026 DEBUG Crawler Preguntando a la API:https://api.twitter.com/1.1/search/tweets.json?q=%23diabetes&count=100&since_id=731972426083310768
2016-05-16 00:20:54,371 INFO Poll Aniadiendo 1 tweets...
2016-05-16 00:20:57,375 DEBUG Crawler Preguntando a la API:https://api.twitter.com/1.1/search/tweets.json?q=%23disease&count=100&max_id=731972441757491201&since_id=731972426083310768
2016-05-16 00:20:57,771 INFO Poll Aniadiendo 1 tweets...
2016-05-16 00:20:57,772 DEBUG Poll Vecino encontrado! swag
2016-05-16 00:21:00,773 DEBUG Crawler Preguntando a la API:https://api.twitter.com/1.1/search/tweets.json?q=%23swag&count=100&max_id=731972441757491201&since_id=731972426083310768
2016-05-16 00:21:01,253 INFO Poll Aniadiendo 1 tweets...
2016-05-16 00:21:04,254 INFO Launcher Proceso finalizado sin errores.....
2016-05-16 09:58:49,668 INFO Launcher Lanzando crawler
2016-05-16 09:58:49,670 INFO Launcher Configurando....
2016-05-16 09:58:50,736 INFO Launcher Lanzando........
2016-05-16 09:58:50,737 INFO Crawler ***************************************************************************
2016-05-16 09:58:50,737 INFO Crawler Lanzada ejecucion Crawler-Twitter
2016-05-16 09:58:50,738 DEBUG Crawler Preguntando a la API:https://api.twitter.com/1.1/search/tweets.json?q=%23disease&count=100&since_id=732109602414632112
2016-05-16 09:58:51,112 INFO Poll Aniadiendo 1 tweets...
2016-05-16 09:58:51,112 DEBUG Poll Vecino encontrado! CatCare
2016-05-16 09:58:51,113 DEBUG Poll Vecino encontrado! CatFact
2016-05-16 09:58:51,113 DEBUG Poll Vecino encontrado! Cat
2016-05-16 09:58:51,113 DEBUG Poll Vecino encontrado! health
2016-05-16 09:58:54,114 DEBUG Crawler Preguntando a la API:https://api.twitter.com/1.1/search/tweets.json?q=%23CatCare&count=100&max_id=732109602414682112&since_id=732109602414632112
2016-05-16 09:58:54,531 INFO Poll Aniadiendo 1 tweets...
2016-05-16 09:58:57,531 DEBUG Crawler Preguntando a la API:https://api.twitter.com/1.1/search/tweets.json?q=%23CatFact&count=100&max_id=732109602414682112&since_id=732109602414632112
2016-05-16 09:58:57,934 INFO Poll Aniadiendo 1 tweets...
2016-05-16 09:59:00,935 DEBUG Crawler Preguntando a la API:https://api.twitter.com/1.1/search/tweets.json?q=%23Cat&count=100&max_id=732109602414682112&since_id=732109602414632112
2016-05-16 09:59:01,275 INFO Poll Aniadiendo 1 tweets...
2016-05-16 09:59:04,275 DEBUG Crawler Preguntando a la API:https://api.twitter.com/1.1/search/tweets.json?q=%23health&count=100&max_id=732109602414682112&since_id=732109602414632112
2016-05-16 09:59:04,756 INFO Poll Aniadiendo 1 tweets...
2016-05-16 09:59:07,756 INFO Launcher Proceso finalizado sin errores.....
2016-05-16 15:24:37,240 INFO Launcher Lanzando crawler
2016-05-16 15:24:37,255 INFO Launcher Configurando....
2016-05-16 15:24:38,223 INFO Launcher Lanzando........
2016-05-16 15:24:38,224 INFO Crawler ***************************************************************************
2016-05-16 15:24:38,224 INFO Crawler Lanzada ejecucion Crawler-Twitter
2016-05-16 15:24:38,225 DEBUG Crawler Preguntando a la API:https://api.twitter.com/1.1/search/tweets.json?q=%23disease&count=100&since_id=732198719681023152
2016-05-16 15:24:38,627 INFO Poll Aniadiendo 1 tweets...
2016-05-16 15:24:38,627 DEBUG Poll Vecino encontrado! celiac
2016-05-16 15:24:38,627 DEBUG Poll Vecino encontrado! autoimmune
2016-05-16 15:24:41,628 DEBUG Crawler Preguntando a la API:https://api.twitter.com/1.1/search/tweets.json?q=%23celiac&count=100&max_id=732198719681073152&since_id=732198719681023152
2016-05-16 15:24:42,022 INFO Poll Aniadiendo 1 tweets...
2016-05-16 15:24:45,023 DEBUG Crawler Preguntando a la API:https://api.twitter.com/1.1/search/tweets.json?q=%23autoimmune&count=100&max_id=732198719681073152&since_id=732198719681023152
2016-05-16 15:24:45,425 INFO Poll Aniadiendo 1 tweets...
2016-05-16 15:24:48,426 INFO Launcher Proceso finalizado sin errores.....
2016-05-16 15:28:44,952 INFO Launcher Lanzando crawler
2016-05-16 15:28:44,954 INFO Launcher Configurando....
2016-05-16 15:28:45,784 INFO Launcher Lanzando........
2016-05-16 15:28:45,785 INFO Crawler ***************************************************************************
2016-05-16 15:28:45,785 INFO Crawler Lanzada ejecucion Crawler-Twitter
2016-05-16 15:28:45,786 DEBUG Crawler Preguntando a la API:https://api.twitter.com/1.1/search/tweets.json?q=%23disease&count=100&since_id=732198719681023152
2016-05-16 15:28:46,278 INFO Poll Aniadiendo 1 tweets...
2016-05-16 15:28:46,279 DEBUG Poll Vecino encontrado! celiac
2016-05-16 15:28:46,279 DEBUG Poll Vecino encontrado! autoimmune
2016-05-16 15:28:49,280 DEBUG Crawler Preguntando a la API:https://api.twitter.com/1.1/search/tweets.json?q=%23celiac&count=100&max_id=732198719681073152&since_id=732198719681023152
2016-05-16 15:28:49,775 INFO Poll Aniadiendo 1 tweets...
2016-05-16 15:28:52,776 DEBUG Crawler Preguntando a la API:https://api.twitter.com/1.1/search/tweets.json?q=%23autoimmune&count=100&max_id=732198719681073152&since_id=732198719681023152
2016-05-16 15:28:53,195 INFO Poll Aniadiendo 1 tweets...
2016-05-16 15:28:56,196 INFO Launcher Proceso finalizado sin errores.....
2016-05-18 16:55:14,596 INFO Launcher Lanzando crawler
2016-05-18 16:55:14,597 INFO Launcher Configurando....
2016-05-18 16:55:14,607 ERROR Launcher Problemas lanzando el crawler-twitter
2016-05-18 16:55:14,607 ERROR Launcher java.lang.IllegalArgumentException: Invalid Api key
